2026-05-20 11:40:38.970  INFO 15775 --- [restartedMain] i.m.biblioteca.BibliotecaApplication     : Starting BibliotecaApplication using Java 21.0.10 with PID 15775 (/workspaces/uf13-rest-biblioteca/biblioteca/target/classes started by codespace in /workspaces/uf13-rest-biblioteca)
2026-05-20 11:40:38.977  INFO 15775 --- [restartedMain] i.m.biblioteca.BibliotecaApplication     : No active profile set, falling back to 1 default profile: "default"
2026-05-20 11:40:39.200  INFO 15775 --- [restartedMain] .e.DevToolsPropertyDefaultsPostProcessor : Devtools property defaults active! Set 'spring.devtools.add-properties' to 'false' to disable
2026-05-20 11:40:39.200  INFO 15775 --- [restartedMain] .e.DevToolsPropertyDefaultsPostProcessor : For additional web related logging consider setting the 'logging.level.web' property to 'DEBUG'
2026-05-20 11:40:43.808  INFO 15775 --- [restartedMain] .s.d.r.c.RepositoryConfigurationDelegate : Bootstrapping Spring Data JPA repositories in DEFAULT mode.
2026-05-20 11:40:43.958  INFO 15775 --- [restartedMain] .s.d.r.c.RepositoryConfigurationDelegate : Finished Spring Data repository scanning in 120 ms. Found 2 JPA repository interfaces.
2026-05-20 11:40:45.635  INFO 15775 --- [restartedMain] o.s.boot.tomcat.TomcatWebServer          : Tomcat initialized with port 8080 (http)
2026-05-20 11:40:45.676  INFO 15775 --- [restartedMain] o.apache.catalina.core.StandardService   : Starting service [Tomcat]
2026-05-20 11:40:45.678  INFO 15775 --- [restartedMain] o.apache.catalina.core.StandardEngine    : Starting Servlet engine: [Apache Tomcat/11.0.20]
2026-05-20 11:40:45.802  INFO 15775 --- [restartedMain] b.w.c.s.WebApplicationContextInitializer : Root WebApplicationContext: initialization completed in 6602 ms
2026-05-20 11:40:45.954  WARN 15775 --- [restartedMain] ConfigServletWebServerApplicationContext : Exception encountered during context initialization - cancelling refresh attempt: org.springframework.beans.factory.BeanCreationException: Error creating bean with name 'entityManagerFactory' defined in class path resource [org/springframework/boot/hibernate/autoconfigure/HibernateJpaConfiguration.class]: Failed to initialize dependency 'inMemoryDatabaseShutdownExecutor' of LoadTimeWeaverAware bean 'entityManagerFactory': Error creating bean with name 'inMemoryDatabaseShutdownExecutor' defined in class path resource [org/springframework/boot/devtools/autoconfigure/DevToolsDataSourceAutoConfiguration.class]: Unsatisfied dependency expressed through method 'inMemoryDatabaseShutdownExecutor' parameter 0: Error creating bean with name 'dataSource' defined in class path resource [org/springframework/boot/jdbc/autoconfigure/DataSourceConfiguration$Hikari.class]: Failed to instantiate [com.zaxxer.hikari.HikariDataSource]: Factory method 'dataSource' threw exception with message: Failed to determine a suitable driver class
2026-05-20 11:40:45.958  INFO 15775 --- [restartedMain] o.apache.catalina.core.StandardService   : Stopping service [Tomcat]
2026-05-20 11:40:46.023  INFO 15775 --- [restartedMain] .s.b.a.l.ConditionEvaluationReportLogger : 

Error starting ApplicationContext. To display the condition evaluation report re-run your application with 'debug' enabled.
2026-05-20 11:40:46.056 ERROR 15775 --- [restartedMain] o.s.b.d.LoggingFailureAnalysisReporter   : 

***************************
APPLICATION FAILED TO START
***************************

Description:

Failed to configure a DataSource: 'url' attribute is not specified and no embedded datasource could be configured.

Reason: Failed to determine a suitable driver class


Action:

Consider the following:
	If you want an embedded database (H2, HSQL or Derby), please put it on the classpath.
	If you have database settings to be loaded from a particular profile you may need to activate it (no profiles are currently active).

